c:\users\palme\source\repos\tabryn_palmer_cmsc312_2019\x64\debug\dispatcher.obj
c:\users\palme\source\repos\tabryn_palmer_cmsc312_2019\x64\debug\operatingsystemgui.obj
c:\users\palme\source\repos\tabryn_palmer_cmsc312_2019\x64\debug\main.obj
c:\users\palme\source\repos\tabryn_palmer_cmsc312_2019\x64\debug\moc_operatingsystemgui.obj
c:\users\palme\source\repos\tabryn_palmer_cmsc312_2019\x64\debug\mailbox.obj
c:\users\palme\source\repos\tabryn_palmer_cmsc312_2019\x64\debug\pagetable.obj
c:\users\palme\source\repos\tabryn_palmer_cmsc312_2019\x64\debug\cpu.obj
c:\users\palme\source\repos\tabryn_palmer_cmsc312_2019\x64\debug\qrc_operatingsystemgui.obj
c:\users\palme\source\repos\tabryn_palmer_cmsc312_2019\x64\debug\cache.obj
c:\users\palme\source\repos\tabryn_palmer_cmsc312_2019\x64\debug\virtualmemory.obj
c:\users\palme\source\repos\tabryn_palmer_cmsc312_2019\x64\debug\externalstorage.obj
c:\users\palme\source\repos\tabryn_palmer_cmsc312_2019\x64\debug\scheduler.obj
c:\users\palme\source\repos\tabryn_palmer_cmsc312_2019\x64\debug\mainmemory.obj
c:\users\palme\source\repos\tabryn_palmer_cmsc312_2019\x64\debug\process.obj
c:\users\palme\source\repos\tabryn_palmer_cmsc312_2019\x64\debug\operatingsystem.obj
c:\users\palme\source\repos\tabryn_palmer_cmsc312_2019\x64\debug\vc142.pdb
c:\users\palme\source\repos\tabryn_palmer_cmsc312_2019\x64\debug\operatingsystem.ilk
c:\users\palme\source\repos\tabryn_palmer_cmsc312_2019\x64\debug\operatingsystem.exe
c:\users\palme\source\repos\tabryn_palmer_cmsc312_2019\x64\debug\operatingsystem.pdb
c:\users\palme\source\repos\tabryn_palmer_cmsc312_2019\x64\debug\\moc\moc_operatingsystemgui.cpp
c:\users\palme\source\repos\tabryn_palmer_cmsc312_2019\x64\debug\uic\ui_operatingsystemgui.h
c:\users\palme\source\repos\tabryn_palmer_cmsc312_2019\x64\debug\rcc\qrc_operatingsystemgui.cpp
c:\users\palme\source\repos\tabryn_palmer_cmsc312_2019\x64\debug\moc\moc_operatingsystemgui.cpp
c:\users\palme\source\repos\tabryn_palmer_cmsc312_2019\x64\debug\\rcc\qrc_operatingsystemgui.cpp
c:\users\palme\source\repos\tabryn_palmer_cmsc312_2019\x64\debug\\uic\ui_operatingsystemgui.h
c:\users\palme\source\repos\tabryn_palmer_cmsc312_2019\x64\debug\operatingsystem.tlog\cl.11108.write.1.tlog
c:\users\palme\source\repos\tabryn_palmer_cmsc312_2019\x64\debug\operatingsystem.tlog\cl.command.1.tlog
c:\users\palme\source\repos\tabryn_palmer_cmsc312_2019\x64\debug\operatingsystem.tlog\cl.read.1.tlog
c:\users\palme\source\repos\tabryn_palmer_cmsc312_2019\x64\debug\operatingsystem.tlog\link.command.1.tlog
c:\users\palme\source\repos\tabryn_palmer_cmsc312_2019\x64\debug\operatingsystem.tlog\link.read.1.tlog
c:\users\palme\source\repos\tabryn_palmer_cmsc312_2019\x64\debug\operatingsystem.tlog\link.write.1.tlog
c:\users\palme\source\repos\tabryn_palmer_cmsc312_2019\x64\debug\operatingsystem.tlog\moc.read.1u.tlog
c:\users\palme\source\repos\tabryn_palmer_cmsc312_2019\x64\debug\operatingsystem.tlog\moc.write.1u.tlog
c:\users\palme\source\repos\tabryn_palmer_cmsc312_2019\x64\debug\operatingsystem.tlog\operatingsystem.write.1u.tlog
c:\users\palme\source\repos\tabryn_palmer_cmsc312_2019\x64\debug\operatingsystem.tlog\rcc.read.1u.tlog
c:\users\palme\source\repos\tabryn_palmer_cmsc312_2019\x64\debug\operatingsystem.tlog\rcc.write.1u.tlog
c:\users\palme\source\repos\tabryn_palmer_cmsc312_2019\x64\debug\operatingsystem.tlog\uic.read.1u.tlog
c:\users\palme\source\repos\tabryn_palmer_cmsc312_2019\x64\debug\operatingsystem.tlog\uic.write.1u.tlog
